ERROR - 2022-05-30 21:21:31 --> Table 'yenosdb.users' doesn't exist
CRITICAL - 2022-05-30 21:21:31 --> Table 'yenosdb.users' doesn't exist
#0 D:\xampp\htdocs\Tubes-PI-yenos\yenos-news\vendor\codeigniter4\framework\system\Database\MySQLi\Connection.php(292): mysqli->query('INSERT INTO `us...', 0)
#1 D:\xampp\htdocs\Tubes-PI-yenos\yenos-news\vendor\codeigniter4\framework\system\Database\BaseConnection.php(670): CodeIgniter\Database\MySQLi\Connection->execute('INSERT INTO `us...')
#2 D:\xampp\htdocs\Tubes-PI-yenos\yenos-news\vendor\codeigniter4\framework\system\Database\BaseConnection.php(598): CodeIgniter\Database\BaseConnection->simpleQuery('INSERT INTO `us...')
#3 D:\xampp\htdocs\Tubes-PI-yenos\yenos-news\vendor\codeigniter4\framework\system\Database\BaseBuilder.php(1771): CodeIgniter\Database\BaseConnection->query('INSERT INTO `us...', Array, false)
#4 D:\xampp\htdocs\Tubes-PI-yenos\yenos-news\vendor\codeigniter4\framework\system\Model.php(239): CodeIgniter\Database\BaseBuilder->insert()
#5 D:\xampp\htdocs\Tubes-PI-yenos\yenos-news\vendor\codeigniter4\framework\system\BaseModel.php(738): CodeIgniter\Model->doInsert(Array)
#6 D:\xampp\htdocs\Tubes-PI-yenos\yenos-news\vendor\codeigniter4\framework\system\Model.php(625): CodeIgniter\BaseModel->insert(Array, true)
#7 D:\xampp\htdocs\Tubes-PI-yenos\yenos-news\app\Controllers\User.php(50): CodeIgniter\Model->insert(Array)
#8 D:\xampp\htdocs\Tubes-PI-yenos\yenos-news\vendor\codeigniter4\framework\system\CodeIgniter.php(832): App\Controllers\User->register()
#9 D:\xampp\htdocs\Tubes-PI-yenos\yenos-news\vendor\codeigniter4\framework\system\CodeIgniter.php(419): CodeIgniter\CodeIgniter->runController(Object(App\Controllers\User))
#10 D:\xampp\htdocs\Tubes-PI-yenos\yenos-news\vendor\codeigniter4\framework\system\CodeIgniter.php(326): CodeIgniter\CodeIgniter->handleRequest(NULL, Object(Config\Cache), false)
#11 D:\xampp\htdocs\Tubes-PI-yenos\yenos-news\public\index.php(37): CodeIgniter\CodeIgniter->run()
#12 D:\xampp\htdocs\Tubes-PI-yenos\yenos-news\vendor\codeigniter4\framework\system\Commands\Server\rewrite.php(43): require_once('D:\\xampp\\htdocs...')
#13 {main}
CRITICAL - 2022-05-30 21:24:49 --> Undefined variable: decoded
#0 D:\xampp\htdocs\Tubes-PI-yenos\yenos-news\app\Controllers\User.php(190): CodeIgniter\Debug\Exceptions->errorHandler(8, 'Undefined varia...', 'D:\\xampp\\htdocs...', 190, Array)
#1 D:\xampp\htdocs\Tubes-PI-yenos\yenos-news\vendor\codeigniter4\framework\system\CodeIgniter.php(832): App\Controllers\User->details()
#2 D:\xampp\htdocs\Tubes-PI-yenos\yenos-news\vendor\codeigniter4\framework\system\CodeIgniter.php(419): CodeIgniter\CodeIgniter->runController(Object(App\Controllers\User))
#3 D:\xampp\htdocs\Tubes-PI-yenos\yenos-news\vendor\codeigniter4\framework\system\CodeIgniter.php(326): CodeIgniter\CodeIgniter->handleRequest(NULL, Object(Config\Cache), false)
#4 D:\xampp\htdocs\Tubes-PI-yenos\yenos-news\public\index.php(37): CodeIgniter\CodeIgniter->run()
#5 D:\xampp\htdocs\Tubes-PI-yenos\yenos-news\vendor\codeigniter4\framework\system\Commands\Server\rewrite.php(43): require_once('D:\\xampp\\htdocs...')
#6 {main}
